2010.09.14 01:45 B D:\AppServ\www\ingles\fpdf16\font\makefont\cp1250.map --> csaluduaz.com /public_html/ingles/fpdf16/font/makefont cp1250.map
2010.09.14 01:45 B D:\AppServ\www\ingles\fpdf16\font\makefont\cp1251.map --> csaluduaz.com /public_html/ingles/fpdf16/font/makefont cp1251.map
2010.09.14 01:45 B D:\AppServ\www\ingles\fpdf16\font\makefont\cp1252.map --> csaluduaz.com /public_html/ingles/fpdf16/font/makefont cp1252.map
2010.09.14 01:45 B D:\AppServ\www\ingles\fpdf16\font\makefont\cp1253.map --> csaluduaz.com /public_html/ingles/fpdf16/font/makefont cp1253.map
2010.09.14 01:45 B D:\AppServ\www\ingles\fpdf16\font\makefont\cp1254.map --> csaluduaz.com /public_html/ingles/fpdf16/font/makefont cp1254.map
2010.09.14 01:45 B D:\AppServ\www\ingles\fpdf16\font\makefont\cp1255.map --> csaluduaz.com /public_html/ingles/fpdf16/font/makefont cp1255.map
2010.09.14 01:45 B D:\AppServ\www\ingles\fpdf16\font\makefont\cp1257.map --> csaluduaz.com /public_html/ingles/fpdf16/font/makefont cp1257.map
2010.09.14 01:45 B D:\AppServ\www\ingles\fpdf16\font\makefont\cp1258.map --> csaluduaz.com /public_html/ingles/fpdf16/font/makefont cp1258.map
2010.09.14 01:45 B D:\AppServ\www\ingles\fpdf16\font\makefont\cp874.map --> csaluduaz.com /public_html/ingles/fpdf16/font/makefont cp874.map
2010.09.14 01:45 B D:\AppServ\www\ingles\fpdf16\font\makefont\iso-8859-1.map --> csaluduaz.com /public_html/ingles/fpdf16/font/makefont iso-8859-1.map
2010.09.14 01:45 B D:\AppServ\www\ingles\fpdf16\font\makefont\iso-8859-11.map --> csaluduaz.com /public_html/ingles/fpdf16/font/makefont iso-8859-11.map
2010.09.14 01:45 B D:\AppServ\www\ingles\fpdf16\font\makefont\iso-8859-15.map --> csaluduaz.com /public_html/ingles/fpdf16/font/makefont iso-8859-15.map
2010.09.14 01:45 B D:\AppServ\www\ingles\fpdf16\font\makefont\iso-8859-16.map --> csaluduaz.com /public_html/ingles/fpdf16/font/makefont iso-8859-16.map
2010.09.14 01:45 B D:\AppServ\www\ingles\fpdf16\font\makefont\iso-8859-2.map --> csaluduaz.com /public_html/ingles/fpdf16/font/makefont iso-8859-2.map
2010.09.14 01:45 B D:\AppServ\www\ingles\fpdf16\font\makefont\iso-8859-4.map --> csaluduaz.com /public_html/ingles/fpdf16/font/makefont iso-8859-4.map
2010.09.14 01:45 B D:\AppServ\www\ingles\fpdf16\font\makefont\iso-8859-5.map --> csaluduaz.com /public_html/ingles/fpdf16/font/makefont iso-8859-5.map
2010.09.14 01:45 B D:\AppServ\www\ingles\fpdf16\font\makefont\iso-8859-7.map --> csaluduaz.com /public_html/ingles/fpdf16/font/makefont iso-8859-7.map
2010.09.14 01:45 B D:\AppServ\www\ingles\fpdf16\font\makefont\iso-8859-9.map --> csaluduaz.com /public_html/ingles/fpdf16/font/makefont iso-8859-9.map
2010.09.14 01:45 B D:\AppServ\www\ingles\fpdf16\font\makefont\koi8-r.map --> csaluduaz.com /public_html/ingles/fpdf16/font/makefont koi8-r.map
2010.09.14 01:45 B D:\AppServ\www\ingles\fpdf16\font\makefont\koi8-u.map --> csaluduaz.com /public_html/ingles/fpdf16/font/makefont koi8-u.map
2010.09.14 01:45 B D:\AppServ\www\ingles\fpdf16\font\makefont\makefont.php --> csaluduaz.com /public_html/ingles/fpdf16/font/makefont makefont.php
2010.11.16 00:24 B D:\AppServ\www\centromex\font\makefont\cp1250.map --> centromex.mx /home/centrom3/domains/centromex.mx/public_html/font/makefont cp1250.map
2010.11.16 00:24 B D:\AppServ\www\centromex\font\makefont\cp1251.map --> centromex.mx /home/centrom3/domains/centromex.mx/public_html/font/makefont cp1251.map
2010.11.16 00:24 B D:\AppServ\www\centromex\font\makefont\cp1252.map --> centromex.mx /home/centrom3/domains/centromex.mx/public_html/font/makefont cp1252.map
2010.11.16 00:24 B D:\AppServ\www\centromex\font\makefont\cp1253.map --> centromex.mx /home/centrom3/domains/centromex.mx/public_html/font/makefont cp1253.map
2010.11.16 00:24 B D:\AppServ\www\centromex\font\makefont\cp1254.map --> centromex.mx /home/centrom3/domains/centromex.mx/public_html/font/makefont cp1254.map
2010.11.16 00:24 B D:\AppServ\www\centromex\font\makefont\cp1255.map --> centromex.mx /home/centrom3/domains/centromex.mx/public_html/font/makefont cp1255.map
2010.11.16 00:24 B D:\AppServ\www\centromex\font\makefont\cp1257.map --> centromex.mx /home/centrom3/domains/centromex.mx/public_html/font/makefont cp1257.map
2010.11.16 00:24 B D:\AppServ\www\centromex\font\makefont\cp1258.map --> centromex.mx /home/centrom3/domains/centromex.mx/public_html/font/makefont cp1258.map
2010.11.16 00:24 B D:\AppServ\www\centromex\font\makefont\cp874.map --> centromex.mx /home/centrom3/domains/centromex.mx/public_html/font/makefont cp874.map
2010.11.16 00:24 B D:\AppServ\www\centromex\font\makefont\iso-8859-1.map --> centromex.mx /home/centrom3/domains/centromex.mx/public_html/font/makefont iso-8859-1.map
2010.11.16 00:24 B D:\AppServ\www\centromex\font\makefont\iso-8859-11.map --> centromex.mx /home/centrom3/domains/centromex.mx/public_html/font/makefont iso-8859-11.map
2010.11.16 00:24 B D:\AppServ\www\centromex\font\makefont\iso-8859-15.map --> centromex.mx /home/centrom3/domains/centromex.mx/public_html/font/makefont iso-8859-15.map
2010.11.16 00:24 B D:\AppServ\www\centromex\font\makefont\iso-8859-16.map --> centromex.mx /home/centrom3/domains/centromex.mx/public_html/font/makefont iso-8859-16.map
2010.11.16 00:24 B D:\AppServ\www\centromex\font\makefont\iso-8859-2.map --> centromex.mx /home/centrom3/domains/centromex.mx/public_html/font/makefont iso-8859-2.map
2010.11.16 00:24 B D:\AppServ\www\centromex\font\makefont\iso-8859-4.map --> centromex.mx /home/centrom3/domains/centromex.mx/public_html/font/makefont iso-8859-4.map
2010.11.16 00:24 B D:\AppServ\www\centromex\font\makefont\iso-8859-5.map --> centromex.mx /home/centrom3/domains/centromex.mx/public_html/font/makefont iso-8859-5.map
2010.11.16 00:24 B D:\AppServ\www\centromex\font\makefont\iso-8859-7.map --> centromex.mx /home/centrom3/domains/centromex.mx/public_html/font/makefont iso-8859-7.map
2010.11.16 00:24 B D:\AppServ\www\centromex\font\makefont\iso-8859-9.map --> centromex.mx /home/centrom3/domains/centromex.mx/public_html/font/makefont iso-8859-9.map
2010.11.16 00:24 B D:\AppServ\www\centromex\font\makefont\koi8-r.map --> centromex.mx /home/centrom3/domains/centromex.mx/public_html/font/makefont koi8-r.map
2010.11.16 00:24 B D:\AppServ\www\centromex\font\makefont\koi8-u.map --> centromex.mx /home/centrom3/domains/centromex.mx/public_html/font/makefont koi8-u.map
2010.11.16 00:24 B D:\AppServ\www\centromex\font\makefont\makefont.php --> centromex.mx /home/centrom3/domains/centromex.mx/public_html/font/makefont makefont.php
