2010.09.14 01:45 B D:\AppServ\www\ingles\fpdf16\font\courier.php --> csaluduaz.com /public_html/ingles/fpdf16/font courier.php
2010.09.14 01:45 B D:\AppServ\www\ingles\fpdf16\font\helvetica.php --> csaluduaz.com /public_html/ingles/fpdf16/font helvetica.php
2010.09.14 01:46 B D:\AppServ\www\ingles\fpdf16\font\helveticab.php --> csaluduaz.com /public_html/ingles/fpdf16/font helveticab.php
2010.09.14 01:46 B D:\AppServ\www\ingles\fpdf16\font\helveticabi.php --> csaluduaz.com /public_html/ingles/fpdf16/font helveticabi.php
2010.09.14 01:46 B D:\AppServ\www\ingles\fpdf16\font\helveticai.php --> csaluduaz.com /public_html/ingles/fpdf16/font helveticai.php
2010.09.14 01:46 B D:\AppServ\www\ingles\fpdf16\font\symbol.php --> csaluduaz.com /public_html/ingles/fpdf16/font symbol.php
2010.09.14 01:46 B D:\AppServ\www\ingles\fpdf16\font\times.php --> csaluduaz.com /public_html/ingles/fpdf16/font times.php
2010.09.14 01:46 B D:\AppServ\www\ingles\fpdf16\font\timesb.php --> csaluduaz.com /public_html/ingles/fpdf16/font timesb.php
2010.09.14 01:46 B D:\AppServ\www\ingles\fpdf16\font\timesbi.php --> csaluduaz.com /public_html/ingles/fpdf16/font timesbi.php
2010.09.14 01:46 B D:\AppServ\www\ingles\fpdf16\font\timesi.php --> csaluduaz.com /public_html/ingles/fpdf16/font timesi.php
2010.09.14 01:46 B D:\AppServ\www\ingles\fpdf16\font\zapfdingbats.php --> csaluduaz.com /public_html/ingles/fpdf16/font zapfdingbats.php
2010.11.16 00:24 B D:\AppServ\www\centromex\font\courier.php --> centromex.mx /home/centrom3/domains/centromex.mx/public_html/font courier.php
2010.11.16 00:24 B D:\AppServ\www\centromex\font\helvetica.php --> centromex.mx /home/centrom3/domains/centromex.mx/public_html/font helvetica.php
2010.11.16 00:24 B D:\AppServ\www\centromex\font\helveticab.php --> centromex.mx /home/centrom3/domains/centromex.mx/public_html/font helveticab.php
2010.11.16 00:24 B D:\AppServ\www\centromex\font\helveticabi.php --> centromex.mx /home/centrom3/domains/centromex.mx/public_html/font helveticabi.php
2010.11.16 00:24 B D:\AppServ\www\centromex\font\helveticai.php --> centromex.mx /home/centrom3/domains/centromex.mx/public_html/font helveticai.php
2010.11.16 00:24 B D:\AppServ\www\centromex\font\symbol.php --> centromex.mx /home/centrom3/domains/centromex.mx/public_html/font symbol.php
2010.11.16 00:24 B D:\AppServ\www\centromex\font\times.php --> centromex.mx /home/centrom3/domains/centromex.mx/public_html/font times.php
2010.11.16 00:24 B D:\AppServ\www\centromex\font\timesb.php --> centromex.mx /home/centrom3/domains/centromex.mx/public_html/font timesb.php
2010.11.16 00:24 B D:\AppServ\www\centromex\font\timesbi.php --> centromex.mx /home/centrom3/domains/centromex.mx/public_html/font timesbi.php
2010.11.16 00:24 B D:\AppServ\www\centromex\font\timesi.php --> centromex.mx /home/centrom3/domains/centromex.mx/public_html/font timesi.php
